#
# A fatal error has been detected by the Java Runtime Environment:
#
#  SIGSEGV (0xb) at pc=0x00007f0e5cbd2919, pid=8289, tid=139699515639552
#
# JRE version: Java(TM) SE Runtime Environment (7.0_75-b13) (build 1.7.0_75-b13)
# Java VM: Java HotSpot(TM) 64-Bit Server VM (24.75-b04 mixed mode linux-amd64 compressed oops)
# Problematic frame:
# V  [libjvm.so+0x887919]  oopDesc* PSPromotionManager::copy_to_survivor_space<false>(oopDesc*)+0x469
#
# Failed to write core dump. Core dumps have been disabled. To enable core dumping, try "ulimit -c unlimited" before starting Java again
#
# If you would like to submit a bug report, please visit:
#   http://bugreport.sun.com/bugreport/crash.jsp
#

---------------  T H R E A D  ---------------

Current thread (0x00007f0e58022800):  GCTaskThread [stack: 0x00007f0e53f14000,0x00007f0e54015000] [id=8294]

siginfo:si_signo=SIGSEGV: si_errno=0, si_code=128 (), si_addr=0x0000000000000000

Registers:
RAX=0x00000000bb1cd140, RBX=0x00000000c7cda110, RCX=0x0000000000000000, RDX=0x00000000c7cda110
RSP=0x00007f0e54013a20, RBP=0x00007f0e54013a90, RSI=0x00007f0e58066af0, RDI=0x00000000bb1cfae0
R8 =0x00000000000000e0, R9 =0x00007f0e5d18a518, R10=0x00000000c7cd6160, R11=0x00007f0e540139d0
R12=0x00000000f9c9d390, R13=0x000000000000000d, R14=0x0000000000000001, R15=0x000000000000001c
RIP=0x00007f0e5cbd2919, EFLAGS=0x0000000000010297, CSGSFS=0x0000000000000033, ERR=0x0000000000000000
  TRAPNO=0x000000000000000d

Top of Stack: (sp=0x00007f0e54013a20)
0x00007f0e54013a20:   00007f0e54013aa0 00007f0e5d18a518
0x00007f0e54013a30:   0000000000000018 00007f0e58066af0
0x00007f0e54013a40:   00000000c7cd9518 0000000000000400
0x00007f0e54013a50:   00000000f9c96992 0000000000001000
0x00007f0e54013a60:   00000000c0e7c278 00000000c7cda0e8
0x00007f0e54013a70:   00007f0e58066af0 00007f0e5d16ecc0
0x00007f0e54013a80:   0000000000000000 00007f0e58066b60
0x00007f0e54013a90:   00007f0e54013b80 00007f0e5cbd1e00
0x00007f0e54013aa0:   00000000bae162f0 00007f0e54013b10
0x00007f0e54013ab0:   00007f0e54013b20 00007f0e54013ae0
0x00007f0e54013ac0:   00007f0e54013af0 00007f0e54013b40
0x00007f0e54013ad0:   00007f0e54013b10 00007f0e58066b90
0x00007f0e54013ae0:   00000000c00be1a8 00007f0e58066af0
0x00007f0e54013af0:   00007f0e58019c90 00007f0e54396603
0x00007f0e54013b00:   00007f0e54013b80 00007f0e5cb47daf
0x00007f0e54013b10:   00000000c00bf189 00007f0e58066b60
0x00007f0e54013b20:   00000000baf0e320 00000000c00bf188
0x00007f0e54013b30:   00007f0e54013b80 00007f0e5c8fdcb8
0x00007f0e54013b40:   00000000c7cda0e9 00007f0e58066b58
0x00007f0e54013b50:   0000000000000000 00000000c00bf208
0x00007f0e54013b60:   00000000c00bf200 00007f0e543965f9
0x00007f0e54013b70:   00007f0e58019c90 00007f0e54396603
0x00007f0e54013b80:   00007f0e54013c40 00007f0e5c707ad6
0x00007f0e54013b90:   00007f0e5801e2a0 00007f0e54396602
0x00007f0e54013ba0:   00007f0e54396584 00007f0e5d18a518
0x00007f0e54013bb0:   00007f0e58066af0 00000000c790d1d0
0x00007f0e54013bc0:   00007f0e58019a20 00007f0e543d2869
0x00007f0e54013bd0:   00000000c00be200 0000000000000200
0x00007f0e54013be0:   00000000c00c0488 00007f0e543965f6
0x00007f0e54013bf0:   0000000000000240 00007f0e54396600
0x00007f0e54013c00:   00007f0e54396780 00007f0e543965f9
0x00007f0e54013c10:   00007f0e543965f6 00007f0e58026bd0 

Instructions: (pc=0x00007f0e5cbd2919)
0x00007f0e5cbd28f9:   08 48 8d 7a 10 81 7f 08 ff ff ff bf 0f 1f 00 0f
0x00007f0e5cbd2909:   87 d8 fc ff ff 48 8b 42 10 48 8b 75 a8 48 89 da
0x00007f0e5cbd2919:   ff 90 d8 00 00 00 e9 c2 fc ff ff 0f 1f 40 00 48
0x00007f0e5cbd2929:   8b 05 29 f6 57 00 8b 53 08 8b 48 08 48 d3 e2 48 

Register to memory mapping:

RAX=0x00000000bb1cd140 is an oop
{method} 
 - klass: {other class}
RBX=0x00000000c7cda110 is an oop

[error occurred during error reporting (printing register info), id 0xb]

Stack: [0x00007f0e53f14000,0x00007f0e54015000],  sp=0x00007f0e54013a20,  free space=1022k
Native frames: (J=compiled Java code, j=interpreted, Vv=VM code, C=native code)
V  [libjvm.so+0x887919]  oopDesc* PSPromotionManager::copy_to_survivor_space<false>(oopDesc*)+0x469
V  [libjvm.so+0x886e00]  PSPromotionManager::drain_stacks_depth(bool)+0x7c0
V  [libjvm.so+0x3bcad6]  CardTableExtension::scavenge_contents_parallel(ObjectStartArray*, MutableSpace*, HeapWord*, PSPromotionManager*, unsigned int, unsigned int)+0xb56
V  [libjvm.so+0x88a7cb]  OldToYoungRootsTask::do_it(GCTaskManager*, unsigned int)+0x4b
V  [libjvm.so+0x5572cf]  GCTaskThread::run()+0x12f
V  [libjvm.so+0x820b88]  java_start(Thread*)+0x108


---------------  P R O C E S S  ---------------

Java Threads: ( => current thread )
  0x00007f0e58098000 JavaThread "Service Thread" daemon [_thread_blocked, id=8305, stack(0x00007f0e43eff000,0x00007f0e44000000)]
  0x00007f0e58096000 JavaThread "C2 CompilerThread1" daemon [_thread_blocked, id=8303, stack(0x00007f0e5009d000,0x00007f0e5019e000)]
  0x00007f0e58093000 JavaThread "C2 CompilerThread0" daemon [_thread_blocked, id=8302, stack(0x00007f0e5019e000,0x00007f0e5029f000)]
  0x00007f0e58090800 JavaThread "Signal Dispatcher" daemon [_thread_blocked, id=8301, stack(0x00007f0e5029f000,0x00007f0e503a0000)]
  0x00007f0e5806f800 JavaThread "Finalizer" daemon [_thread_blocked, id=8300, stack(0x00007f0e503a0000,0x00007f0e504a1000)]
  0x00007f0e5806d800 JavaThread "Reference Handler" daemon [_thread_blocked, id=8298, stack(0x00007f0e504a1000,0x00007f0e505a2000)]
  0x00007f0e58009000 JavaThread "main" [_thread_blocked, id=8291, stack(0x00007f0e5dcaf000,0x00007f0e5ddb0000)]

Other Threads:
  0x00007f0e58069000 VMThread [stack: 0x00007f0e505a2000,0x00007f0e506a3000] [id=8296]
  0x00007f0e580a3000 WatcherThread [stack: 0x00007f0e43dfe000,0x00007f0e43eff000] [id=8306]

=>0x00007f0e58022800 (exited) GCTaskThread [stack: 0x00007f0e53f14000,0x00007f0e54015000] [id=8294]

VM state:at safepoint (normal execution)

VM Mutex/Monitor currently owned by a thread:  ([mutex/lock_event])
[0x00007f0e58006600] Threads_lock - owner thread: 0x00007f0e58069000
[0x00007f0e58006b00] Heap_lock - owner thread: 0x00007f0e58009000

Heap
 PSYoungGen      total 233472K, used 139753K [0x00000000eaa80000, 0x0000000100000000, 0x0000000100000000)
  eden space 117248K, 100% used [0x00000000eaa80000,0x00000000f1d00000,0x00000000f1d00000)
  from space 116224K, 19% used [0x00000000f8e80000,0x00000000fa47a4e0,0x0000000100000000)
  to   space 116224K, 4% used [0x00000000f1d00000,0x00000000f22a5688,0x00000000f8e80000)
 ParOldGen       total 267776K, used 127853K [0x00000000c0000000, 0x00000000d0580000, 0x00000000eaa80000)
  object space 267776K, 47% used [0x00000000c0000000,0x00000000c7cdb518,0x00000000d0580000)
 PSPermGen       total 21504K, used 5816K [0x00000000bae00000, 0x00000000bc300000, 0x00000000c0000000)
  object space 21504K, 27% used [0x00000000bae00000,0x00000000bb3ae278,0x00000000bc300000)

Card table byte_map: [0x00007f0e5436d000,0x00007f0e54597000] byte_map_base: 0x00007f0e53d96000

Polling page: 0x00007f0e5ddd6000

Code Cache  [0x00007f0e54597000, 0x00007f0e54887000, 0x00007f0e57597000)
 total_blobs=1021 nmethods=794 adapters=180 free_code_cache=46302Kb largest_free_block=47304896

Compilation events (10 events):
Event: 21,560 Thread 0x00007f0e58093000  893             com.android.dx.dex.code.CstInsn::setClassIndex (37 bytes)
Event: 21,560 Thread 0x00007f0e58093000 nmethod 893 0x00007f0e54794610 code [0x00007f0e54794760, 0x00007f0e547947d8]
Event: 21,563 Thread 0x00007f0e58093000  894             com.android.dx.dex.code.InsnFormat::unsignedFitsInShort (14 bytes)
Event: 21,563 Thread 0x00007f0e58093000 nmethod 894 0x00007f0e54794410 code [0x00007f0e54794540, 0x00007f0e54794598]
Event: 21,563 Thread 0x00007f0e58093000  895             com.android.dx.dex.code.CstInsn::getIndex (42 bytes)
Event: 21,563 Thread 0x00007f0e58093000 nmethod 895 0x00007f0e547941d0 code [0x00007f0e54794300, 0x00007f0e54794378]
Event: 21,607 Thread 0x00007f0e58093000  896             com.android.dx.dex.code.form.Form22c::isCompatible (99 bytes)
Event: 21,608 Thread 0x00007f0e58093000 nmethod 896 0x00007f0e547dbb90 code [0x00007f0e547dbd20, 0x00007f0e547dbf58]
Event: 21,619 Thread 0x00007f0e58093000  897             com.android.dx.dex.code.form.Form22c::codeSize (2 bytes)
Event: 21,619 Thread 0x00007f0e58093000 nmethod 897 0x00007f0e54793fd0 code [0x00007f0e54794100, 0x00007f0e54794158]

GC Heap History (10 events):
Event: 14,516 GC heap after
Heap after GC invocations=11 (full 2):
 PSYoungGen      total 268800K, used 80890K [0x00000000eaa80000, 0x0000000100000000, 0x0000000100000000)
  eden space 187904K, 0% used [0x00000000eaa80000,0x00000000eaa80000,0x00000000f6200000)
  from space 80896K, 99% used [0x00000000f6200000,0x00000000fb0feb78,0x00000000fb100000)
  to   space 80896K, 0% used [0x00000000fb100000,0x00000000fb100000,0x0000000100000000)
 ParOldGen       total 178176K, used 70718K [0x00000000c0000000, 0x00000000cae00000, 0x00000000eaa80000)
  object space 178176K, 39% used [0x00000000c0000000,0x00000000c450f830,0x00000000cae00000)
 PSPermGen       total 21504K, used 5529K [0x00000000bae00000, 0x00000000bc300000, 0x00000000c0000000)
  object space 21504K, 25% used [0x00000000bae00000,0x00000000bb3665d8,0x00000000bc300000)
}
Event: 16,063 GC heap before
{Heap before GC invocations=12 (full 2):
 PSYoungGen      total 268800K, used 268794K [0x00000000eaa80000, 0x0000000100000000, 0x0000000100000000)
  eden space 187904K, 100% used [0x00000000eaa80000,0x00000000f6200000,0x00000000f6200000)
  from space 80896K, 99% used [0x00000000f6200000,0x00000000fb0feb78,0x00000000fb100000)
  to   space 80896K, 0% used [0x00000000fb100000,0x00000000fb100000,0x0000000100000000)
 ParOldGen       total 178176K, used 70718K [0x00000000c0000000, 0x00000000cae00000, 0x00000000eaa80000)
  object space 178176K, 39% used [0x00000000c0000000,0x00000000c450f830,0x00000000cae00000)
 PSPermGen       total 21504K, used 5552K [0x00000000bae00000, 0x00000000bc300000, 0x00000000c0000000)
  object space 21504K, 25% used [0x00000000bae00000,0x00000000bb36c048,0x00000000bc300000)
Event: 16,329 GC heap after
Heap after GC invocations=12 (full 2):
 PSYoungGen      total 198144K, used 80874K [0x00000000eaa80000, 0x0000000100000000, 0x0000000100000000)
  eden space 117248K, 0% used [0x00000000eaa80000,0x00000000eaa80000,0x00000000f1d00000)
  from space 80896K, 99% used [0x00000000fb100000,0x00000000ffffaad8,0x0000000100000000)
  to   space 116224K, 0% used [0x00000000f1d00000,0x00000000f1d00000,0x00000000f8e80000)
 ParOldGen       total 178176K, used 114972K [0x00000000c0000000, 0x00000000cae00000, 0x00000000eaa80000)
  object space 178176K, 64% used [0x00000000c0000000,0x00000000c7047088,0x00000000cae00000)
 PSPermGen       total 21504K, used 5552K [0x00000000bae00000, 0x00000000bc300000, 0x00000000c0000000)
  object space 21504K, 25% used [0x00000000bae00000,0x00000000bb36c048,0x00000000bc300000)
}
Event: 17,273 GC heap before
{Heap before GC invocations=13 (full 2):
 PSYoungGen      total 198144K, used 198122K [0x00000000eaa80000, 0x0000000100000000, 0x0000000100000000)
  eden space 117248K, 100% used [0x00000000eaa80000,0x00000000f1d00000,0x00000000f1d00000)
  from space 80896K, 99% used [0x00000000fb100000,0x00000000ffffaad8,0x0000000100000000)
  to   space 116224K, 0% used [0x00000000f1d00000,0x00000000f1d00000,0x00000000f8e80000)
 ParOldGen       total 178176K, used 114972K [0x00000000c0000000, 0x00000000cae00000, 0x00000000eaa80000)
  object space 178176K, 64% used [0x00000000c0000000,0x00000000c7047088,0x00000000cae00000)
 PSPermGen       total 21504K, used 5552K [0x00000000bae00000, 0x00000000bc300000, 0x00000000c0000000)
  object space 21504K, 25% used [0x00000000bae00000,0x00000000bb36c088,0x00000000bc300000)
Event: 17,529 GC heap after
Heap after GC invocations=13 (full 2):
 PSYoungGen      total 233472K, used 81335K [0x00000000eaa80000, 0x0000000100000000, 0x0000000100000000)
  eden space 117248K, 0% used [0x00000000eaa80000,0x00000000eaa80000,0x00000000f1d00000)
  from space 116224K, 69% used [0x00000000f1d00000,0x00000000f6c6df48,0x00000000f8e80000)
  to   space 116224K, 0% used [0x00000000f8e80000,0x00000000f8e80000,0x0000000100000000)
 ParOldGen       total 178176K, used 161660K [0x00000000c0000000, 0x00000000cae00000, 0x00000000eaa80000)
  object space 178176K, 90% used [0x00000000c0000000,0x00000000c9ddf0d0,0x00000000cae00000)
 PSPermGen       total 21504K, used 5552K [0x00000000bae00000, 0x00000000bc300000, 0x00000000c0000000)
  object space 21504K, 25% used [0x00000000bae00000,0x00000000bb36c088,0x00000000bc300000)
}
Event: 17,529 GC heap before
{Heap before GC invocations=14 (full 3):
 PSYoungGen      total 233472K, used 81335K [0x00000000eaa80000, 0x0000000100000000, 0x0000000100000000)
  eden space 117248K, 0% used [0x00000000eaa80000,0x00000000eaa80000,0x00000000f1d00000)
  from space 116224K, 69% used [0x00000000f1d00000,0x00000000f6c6df48,0x00000000f8e80000)
  to   space 116224K, 0% used [0x00000000f8e80000,0x00000000f8e80000,0x0000000100000000)
 ParOldGen       total 178176K, used 161660K [0x00000000c0000000, 0x00000000cae00000, 0x00000000eaa80000)
  object space 178176K, 90% used [0x00000000c0000000,0x00000000c9ddf0d0,0x00000000cae00000)
 PSPermGen       total 21504K, used 5552K [0x00000000bae00000, 0x00000000bc300000, 0x00000000c0000000)
  object space 21504K, 25% used [0x00000000bae00000,0x00000000bb36c088,0x00000000bc300000)
Event: 18,529 GC heap after
Heap after GC invocations=14 (full 3):
 PSYoungGen      total 233472K, used 0K [0x00000000eaa80000, 0x0000000100000000, 0x0000000100000000)
  eden space 117248K, 0% used [0x00000000eaa80000,0x00000000eaa80000,0x00000000f1d00000)
  from space 116224K, 0% used [0x00000000f1d00000,0x00000000f1d00000,0x00000000f8e80000)
  to   space 116224K, 0% used [0x00000000f8e80000,0x00000000f8e80000,0x0000000100000000)
 ParOldGen       total 267776K, used 123956K [0x00000000c0000000, 0x00000000d0580000, 0x00000000eaa80000)
  object space 267776K, 46% used [0x00000000c0000000,0x00000000c790d1d0,0x00000000d0580000)
 PSPermGen       total 21504K, used 5550K [0x00000000bae00000, 0x00000000bc300000, 0x00000000c0000000)
  object space 21504K, 25% used [0x00000000bae00000,0x00000000bb36b948,0x00000000bc300000)
}
Event: 19,051 GC heap before
{Heap before GC invocations=15 (full 3):
 PSYoungGen      total 233472K, used 117248K [0x00000000eaa80000, 0x0000000100000000, 0x0000000100000000)
  eden space 117248K, 100% used [0x00000000eaa80000,0x00000000f1d00000,0x00000000f1d00000)
  from space 116224K, 0% used [0x00000000f1d00000,0x00000000f1d00000,0x00000000f8e80000)
  to   space 116224K, 0% used [0x00000000f8e80000,0x00000000f8e80000,0x0000000100000000)
 ParOldGen       total 267776K, used 123956K [0x00000000c0000000, 0x00000000d0580000, 0x00000000eaa80000)
  object space 267776K, 46% used [0x00000000c0000000,0x00000000c790d1d0,0x00000000d0580000)
 PSPermGen       total 21504K, used 5572K [0x00000000bae00000, 0x00000000bc300000, 0x00000000c0000000)
  object space 21504K, 25% used [0x00000000bae00000,0x00000000bb3712f8,0x00000000bc300000)
Event: 19,125 GC heap after
Heap after GC invocations=15 (full 3):
 PSYoungGen      total 233472K, used 22505K [0x00000000eaa80000, 0x0000000100000000, 0x0000000100000000)
  eden space 117248K, 0% used [0x00000000eaa80000,0x00000000eaa80000,0x00000000f1d00000)
  from space 116224K, 19% used [0x00000000f8e80000,0x00000000fa47a4e0,0x0000000100000000)
  to   space 116224K, 0% used [0x00000000f1d00000,0x00000000f1d00000,0x00000000f8e80000)
 ParOldGen       total 267776K, used 123956K [0x00000000c0000000, 0x00000000d0580000, 0x00000000eaa80000)
  object space 267776K, 46% used [0x00000000c0000000,0x00000000c790d1d0,0x00000000d0580000)
 PSPermGen       total 21504K, used 5572K [0x00000000bae00000, 0x00000000bc300000, 0x00000000c0000000)
  object space 21504K, 25% used [0x00000000bae00000,0x00000000bb3712f8,0x00000000bc300000)
}
Event: 21,623 GC heap before
{Heap before GC invocations=16 (full 3):
 PSYoungGen      total 233472K, used 139753K [0x00000000eaa80000, 0x0000000100000000, 0x0000000100000000)
  eden space 117248K, 100% used [0x00000000eaa80000,0x00000000f1d00000,0x00000000f1d00000)
  from space 116224K, 19% used [0x00000000f8e80000,0x00000000fa47a4e0,0x0000000100000000)
  to   space 116224K, 0% used [0x00000000f1d00000,0x00000000f1d00000,0x00000000f8e80000)
 ParOldGen       total 267776K, used 123956K [0x00000000c0000000, 0x00000000d0580000, 0x00000000eaa80000)
  object space 267776K, 46% used [0x00000000c0000000,0x00000000c790d1d0,0x00000000d0580000)
 PSPermGen       total 21504K, used 5816K [0x00000000bae00000, 0x00000000bc300000, 0x00000000c0000000)
  object space 21504K, 27% used [0x00000000bae00000,0x00000000bb3ae278,0x00000000bc300000)

Deoptimization events (10 events):
Event: 21,331 Thread 0x00007f0e58009000 Uncommon trap: reason=class_check action=maybe_recompile pc=0x00007f0e54671e48 method=com.android.dx.dex.code.OutputFinisher.massageInstructions([Lcom/android/dx/dex/code/Dop;)V @ 63
Event: 21,333 Thread 0x00007f0e58009000 Uncommon trap: reason=class_check action=maybe_recompile pc=0x00007f0e54671e48 method=com.android.dx.dex.code.OutputFinisher.massageInstructions([Lcom/android/dx/dex/code/Dop;)V @ 63
Event: 21,340 Thread 0x00007f0e58009000 Uncommon trap: reason=class_check action=maybe_recompile pc=0x00007f0e54671e48 method=com.android.dx.dex.code.OutputFinisher.massageInstructions([Lcom/android/dx/dex/code/Dop;)V @ 63
Event: 21,359 Thread 0x00007f0e58009000 Uncommon trap: reason=unreached action=reinterpret pc=0x00007f0e54764754 method=com.android.dx.dex.code.OutputFinisher.findOpcodeForInsn(Lcom/android/dx/dex/code/DalvInsn;Lcom/android/dx/dex/code/Dop;)Lcom/android/dx/dex/code/Dop; @ 1
Event: 21,360 Thread 0x00007f0e58009000 Uncommon trap: reason=unreached action=reinterpret pc=0x00007f0e546e5d0c method=com.android.dx.dex.code.OutputFinisher.findOpcodeForInsn(Lcom/android/dx/dex/code/DalvInsn;Lcom/android/dx/dex/code/Dop;)Lcom/android/dx/dex/code/Dop; @ 1
Event: 21,412 Thread 0x00007f0e58009000 Uncommon trap: reason=class_check action=maybe_recompile pc=0x00007f0e54671e48 method=com.android.dx.dex.code.OutputFinisher.massageInstructions([Lcom/android/dx/dex/code/Dop;)V @ 63
Event: 21,416 Thread 0x00007f0e58009000 Uncommon trap: reason=bimorphic action=maybe_recompile pc=0x00007f0e547e0eac method=com.android.dx.dex.code.OutputFinisher.calculateReservedCount([Lcom/android/dx/dex/code/Dop;)I @ 72
Event: 21,417 Thread 0x00007f0e58009000 Uncommon trap: reason=bimorphic action=maybe_recompile pc=0x00007f0e547dd254 method=com.android.dx.dex.code.OutputFinisher.calculateReservedCount([Lcom/android/dx/dex/code/Dop;)I @ 72
Event: 21,417 Thread 0x00007f0e58009000 Uncommon trap: reason=bimorphic action=maybe_recompile pc=0x00007f0e547e0eac method=com.android.dx.dex.code.OutputFinisher.calculateReservedCount([Lcom/android/dx/dex/code/Dop;)I @ 72
Event: 21,492 Thread 0x00007f0e58009000 Uncommon trap: reason=unreached action=reinterpret pc=0x00007f0e546e63bc method=com.android.dx.dex.code.LocalList$MakeState.snapshot(ILcom/android/dx/rop/code/RegisterSpecSet;)V @ 51

Internal exceptions (10 events):
Event: 21,166 Thread 0x00007f0e58009000 Threw 0x00000000f19772b0 at /HUDSON/workspace/7u-2-build-linux-amd64/jdk7u75/1940/hotspot/src/share/vm/prims/jvm.cpp:1281
Event: 21,166 Thread 0x00007f0e58009000 Threw 0x00000000f197c240 at /HUDSON/workspace/7u-2-build-linux-amd64/jdk7u75/1940/hotspot/src/share/vm/prims/jvm.cpp:1281
Event: 21,167 Thread 0x00007f0e58009000 Threw 0x00000000f19825c8 at /HUDSON/workspace/7u-2-build-linux-amd64/jdk7u75/1940/hotspot/src/share/vm/prims/jvm.cpp:1281
Event: 21,167 Thread 0x00007f0e58009000 Threw 0x00000000f19852d0 at /HUDSON/workspace/7u-2-build-linux-amd64/jdk7u75/1940/hotspot/src/share/vm/prims/jvm.cpp:1281
Event: 21,167 Thread 0x00007f0e58009000 Threw 0x00000000f1989f20 at /HUDSON/workspace/7u-2-build-linux-amd64/jdk7u75/1940/hotspot/src/share/vm/prims/jvm.cpp:1281
Event: 21,168 Thread 0x00007f0e58009000 Threw 0x00000000f198e3c8 at /HUDSON/workspace/7u-2-build-linux-amd64/jdk7u75/1940/hotspot/src/share/vm/prims/jvm.cpp:1281
Event: 21,169 Thread 0x00007f0e58009000 Threw 0x00000000f19931d0 at /HUDSON/workspace/7u-2-build-linux-amd64/jdk7u75/1940/hotspot/src/share/vm/prims/jvm.cpp:1281
Event: 21,169 Thread 0x00007f0e58009000 Threw 0x00000000f19960d8 at /HUDSON/workspace/7u-2-build-linux-amd64/jdk7u75/1940/hotspot/src/share/vm/prims/jvm.cpp:1281
Event: 21,169 Thread 0x00007f0e58009000 Threw 0x00000000f1999038 at /HUDSON/workspace/7u-2-build-linux-amd64/jdk7u75/1940/hotspot/src/share/vm/prims/jvm.cpp:1281
Event: 21,359 Thread 0x00007f0e58009000 Threw 0x00000000f1a38a50 at /HUDSON/workspace/7u-2-build-linux-amd64/jdk7u75/1940/hotspot/src/share/vm/prims/jvm.cpp:1281

Events (10 events):
Event: 21,417 Thread 0x00007f0e58009000 Uncommon trap: trap_request=0xffffffc6 fr.pc=0x00007f0e547dd254
Event: 21,417 Thread 0x00007f0e58009000 DEOPT PACKING pc=0x00007f0e547dd254 sp=0x00007f0e5ddae350
Event: 21,417 Thread 0x00007f0e58009000 DEOPT UNPACKING pc=0x00007f0e545d0445 sp=0x00007f0e5ddae2f8 mode 2
Event: 21,417 Thread 0x00007f0e58009000 Uncommon trap: trap_request=0xffffffc6 fr.pc=0x00007f0e547e0eac
Event: 21,417 Thread 0x00007f0e58009000 DEOPT PACKING pc=0x00007f0e547e0eac sp=0x00007f0e5ddae350
Event: 21,417 Thread 0x00007f0e58009000 DEOPT UNPACKING pc=0x00007f0e545d0445 sp=0x00007f0e5ddae2f8 mode 2
Event: 21,491 Thread 0x00007f0e58009000 Uncommon trap: trap_request=0xffffffad fr.pc=0x00007f0e546e63bc
Event: 21,492 Thread 0x00007f0e58009000 DEOPT PACKING pc=0x00007f0e546e63bc sp=0x00007f0e5ddae3f0
Event: 21,492 Thread 0x00007f0e58009000 DEOPT UNPACKING pc=0x00007f0e545d0445 sp=0x00007f0e5ddae3b0 mode 2
Event: 21,623 Executing VM operation: ParallelGCFailedAllocation


Dynamic libraries:
00400000-00401000 r-xp 00000000 08:03 402253                             /usr/java/jdk1.7.0_75/bin/java
00600000-00601000 rw-p 00000000 08:03 402253                             /usr/java/jdk1.7.0_75/bin/java
0179b000-017bc000 rw-p 00000000 00:00 0                                  [heap]
bae00000-bc300000 rw-p 00000000 00:00 0 
bc300000-c0000000 rw-p 00000000 00:00 0 
c0000000-d0580000 rw-p 00000000 00:00 0 
d0580000-eaa80000 rw-p 00000000 00:00 0 
eaa80000-100000000 rw-p 00000000 00:00 0 
7f0e10000000-7f0e10021000 rw-p 00000000 00:00 0 
7f0e10021000-7f0e14000000 ---p 00000000 00:00 0 
7f0e18000000-7f0e18021000 rw-p 00000000 00:00 0 
7f0e18021000-7f0e1c000000 ---p 00000000 00:00 0 
7f0e1c000000-7f0e1cd45000 rw-p 00000000 00:00 0 
7f0e1cd45000-7f0e20000000 ---p 00000000 00:00 0 
7f0e20000000-7f0e20021000 rw-p 00000000 00:00 0 
7f0e20021000-7f0e24000000 ---p 00000000 00:00 0 
7f0e24000000-7f0e24e76000 rw-p 00000000 00:00 0 
7f0e24e76000-7f0e28000000 ---p 00000000 00:00 0 
7f0e28000000-7f0e28021000 rw-p 00000000 00:00 0 
7f0e28021000-7f0e2c000000 ---p 00000000 00:00 0 
7f0e2da8d000-7f0e34000000 r--p 00000000 08:03 266706                     /usr/lib/locale/locale-archive
7f0e34000000-7f0e34021000 rw-p 00000000 00:00 0 
7f0e34021000-7f0e38000000 ---p 00000000 00:00 0 
7f0e38000000-7f0e38021000 rw-p 00000000 00:00 0 
7f0e38021000-7f0e3c000000 ---p 00000000 00:00 0 
7f0e3c000000-7f0e3c0e3000 rw-p 00000000 00:00 0 
7f0e3c0e3000-7f0e40000000 ---p 00000000 00:00 0 
7f0e43869000-7f0e439d6000 rw-p 00000000 00:00 0 
7f0e439d6000-7f0e439ec000 r-xp 00000000 08:03 402416                     /usr/java/jdk1.7.0_75/jre/lib/amd64/libnet.so
7f0e439ec000-7f0e43bec000 ---p 00016000 08:03 402416                     /usr/java/jdk1.7.0_75/jre/lib/amd64/libnet.so
7f0e43bec000-7f0e43bed000 rw-p 00016000 08:03 402416                     /usr/java/jdk1.7.0_75/jre/lib/amd64/libnet.so
7f0e43bed000-7f0e43bfd000 r-xp 00000000 08:03 402417                     /usr/java/jdk1.7.0_75/jre/lib/amd64/libnio.so
7f0e43bfd000-7f0e43dfd000 ---p 00010000 08:03 402417                     /usr/java/jdk1.7.0_75/jre/lib/amd64/libnio.so
7f0e43dfd000-7f0e43dfe000 rw-p 00010000 08:03 402417                     /usr/java/jdk1.7.0_75/jre/lib/amd64/libnio.so
7f0e43dfe000-7f0e43dff000 ---p 00000000 00:00 0 
7f0e43dff000-7f0e43eff000 rw-p 00000000 00:00 0                          [stack:8306]
7f0e43eff000-7f0e43f02000 ---p 00000000 00:00 0 
7f0e43f02000-7f0e44000000 rw-p 00000000 00:00 0                          [stack:8305]
7f0e44000000-7f0e44021000 rw-p 00000000 00:00 0 
7f0e44021000-7f0e48000000 ---p 00000000 00:00 0 
7f0e48000000-7f0e48021000 rw-p 00000000 00:00 0 
7f0e48021000-7f0e4c000000 ---p 00000000 00:00 0 
7f0e4c000000-7f0e4c021000 rw-p 00000000 00:00 0 
7f0e4c021000-7f0e50000000 ---p 00000000 00:00 0 
7f0e5006c000-7f0e5009d000 rw-p 00000000 00:00 0 
7f0e5009d000-7f0e500a0000 ---p 00000000 00:00 0 
7f0e500a0000-7f0e5019e000 rw-p 00000000 00:00 0                          [stack:8303]
7f0e5019e000-7f0e501a1000 ---p 00000000 00:00 0 
7f0e501a1000-7f0e5029f000 rw-p 00000000 00:00 0                          [stack:8302]
7f0e5029f000-7f0e502a2000 ---p 00000000 00:00 0 
7f0e502a2000-7f0e503a0000 rw-p 00000000 00:00 0                          [stack:8301]
7f0e503a0000-7f0e503a3000 ---p 00000000 00:00 0 
7f0e503a3000-7f0e504a1000 rw-p 00000000 00:00 0                          [stack:8300]
7f0e504a1000-7f0e504a4000 ---p 00000000 00:00 0 
7f0e504a4000-7f0e505a2000 rw-p 00000000 00:00 0                          [stack:8298]
7f0e505a2000-7f0e505a3000 ---p 00000000 00:00 0 
7f0e505a3000-7f0e516a2000 rw-p 00000000 00:00 0                          [stack:8296]
7f0e516a2000-7f0e51861000 r--s 039eb000 08:03 402576                     /usr/java/jdk1.7.0_75/jre/lib/rt.jar
7f0e51861000-7f0e53e13000 rw-p 00000000 00:00 0 
7f0e53e13000-7f0e53e14000 ---p 00000000 00:00 0 
7f0e53e14000-7f0e53f14000 rw-p 00000000 00:00 0                          [stack:8295]
7f0e53f14000-7f0e53f15000 ---p 00000000 00:00 0 
7f0e53f15000-7f0e54015000 rw-p 00000000 00:00 0                          [stack:8294]
7f0e54015000-7f0e54016000 ---p 00000000 00:00 0 
7f0e54016000-7f0e54116000 rw-p 00000000 00:00 0                          [stack:8293]
7f0e54116000-7f0e54117000 ---p 00000000 00:00 0 
7f0e54117000-7f0e5429a000 rw-p 00000000 00:00 0                          [stack:8292]
7f0e5429a000-7f0e5436d000 rw-p 00000000 00:00 0 
7f0e5436d000-7f0e54378000 rw-p 00000000 00:00 0 
7f0e54378000-7f0e54396000 rw-p 00000000 00:00 0 
7f0e54396000-7f0e54419000 rw-p 00000000 00:00 0 
7f0e54419000-7f0e544eb000 rw-p 00000000 00:00 0 
7f0e544eb000-7f0e54596000 rw-p 00000000 00:00 0 
7f0e54596000-7f0e54597000 rw-p 00000000 00:00 0 
7f0e54597000-7f0e54887000 rwxp 00000000 00:00 0 
7f0e54887000-7f0e57597000 rw-p 00000000 00:00 0 
7f0e57597000-7f0e575b1000 r-xp 00000000 08:03 402428                     /usr/java/jdk1.7.0_75/jre/lib/amd64/libzip.so
7f0e575b1000-7f0e577b1000 ---p 0001a000 08:03 402428                     /usr/java/jdk1.7.0_75/jre/lib/amd64/libzip.so
7f0e577b1000-7f0e577b2000 rw-p 0001a000 08:03 402428                     /usr/java/jdk1.7.0_75/jre/lib/amd64/libzip.so
7f0e577b2000-7f0e577be000 r-xp 00000000 08:03 266815                     /usr/lib64/libnss_files-2.20.so
7f0e577be000-7f0e579bd000 ---p 0000c000 08:03 266815                     /usr/lib64/libnss_files-2.20.so
7f0e579bd000-7f0e579be000 r--p 0000b000 08:03 266815                     /usr/lib64/libnss_files-2.20.so
7f0e579be000-7f0e579bf000 rw-p 0000c000 08:03 266815                     /usr/lib64/libnss_files-2.20.so
7f0e579bf000-7f0e579e8000 r-xp 00000000 08:03 402398                     /usr/java/jdk1.7.0_75/jre/lib/amd64/libjava.so
7f0e579e8000-7f0e57be8000 ---p 00029000 08:03 402398                     /usr/java/jdk1.7.0_75/jre/lib/amd64/libjava.so
7f0e57be8000-7f0e57bea000 rw-p 00029000 08:03 402398                     /usr/java/jdk1.7.0_75/jre/lib/amd64/libjava.so
7f0e57bea000-7f0e57bf7000 r-xp 00000000 08:03 402427                     /usr/java/jdk1.7.0_75/jre/lib/amd64/libverify.so
7f0e57bf7000-7f0e57df6000 ---p 0000d000 08:03 402427                     /usr/java/jdk1.7.0_75/jre/lib/amd64/libverify.so
7f0e57df6000-7f0e57df8000 rw-p 0000c000 08:03 402427                     /usr/java/jdk1.7.0_75/jre/lib/amd64/libverify.so
7f0e57df8000-7f0e57dff000 r-xp 00000000 08:03 266827                     /usr/lib64/librt-2.20.so
7f0e57dff000-7f0e57ffe000 ---p 00007000 08:03 266827                     /usr/lib64/librt-2.20.so
7f0e57ffe000-7f0e57fff000 r--p 00006000 08:03 266827                     /usr/lib64/librt-2.20.so
7f0e57fff000-7f0e58000000 rw-p 00007000 08:03 266827                     /usr/lib64/librt-2.20.so
7f0e58000000-7f0e581f8000 rw-p 00000000 00:00 0 
7f0e581f8000-7f0e5c000000 ---p 00000000 00:00 0 
7f0e5c01a000-7f0e5c025000 rw-p 00000000 00:00 0 
7f0e5c025000-7f0e5c043000 rw-p 00000000 00:00 0 
7f0e5c043000-7f0e5c14a000 r-xp 00000000 08:03 266805                     /usr/lib64/libm-2.20.so
7f0e5c14a000-7f0e5c349000 ---p 00107000 08:03 266805                     /usr/lib64/libm-2.20.so
7f0e5c349000-7f0e5c34a000 r--p 00106000 08:03 266805                     /usr/lib64/libm-2.20.so
7f0e5c34a000-7f0e5c34b000 rw-p 00107000 08:03 266805                     /usr/lib64/libm-2.20.so
7f0e5c34b000-7f0e5cebe000 r-xp 00000000 08:03 402432                     /usr/java/jdk1.7.0_75/jre/lib/amd64/server/libjvm.so
7f0e5cebe000-7f0e5d0be000 ---p 00b73000 08:03 402432                     /usr/java/jdk1.7.0_75/jre/lib/amd64/server/libjvm.so
7f0e5d0be000-7f0e5d182000 rw-p 00b73000 08:03 402432                     /usr/java/jdk1.7.0_75/jre/lib/amd64/server/libjvm.so
7f0e5d182000-7f0e5d1c3000 rw-p 00000000 00:00 0 
7f0e5d1c3000-7f0e5d376000 r-xp 00000000 08:03 266797                     /usr/lib64/libc-2.20.so
7f0e5d376000-7f0e5d576000 ---p 001b3000 08:03 266797                     /usr/lib64/libc-2.20.so
7f0e5d576000-7f0e5d57a000 r--p 001b3000 08:03 266797                     /usr/lib64/libc-2.20.so
7f0e5d57a000-7f0e5d57c000 rw-p 001b7000 08:03 266797                     /usr/lib64/libc-2.20.so
7f0e5d57c000-7f0e5d580000 rw-p 00000000 00:00 0 
7f0e5d580000-7f0e5d583000 r-xp 00000000 08:03 266803                     /usr/lib64/libdl-2.20.so
7f0e5d583000-7f0e5d782000 ---p 00003000 08:03 266803                     /usr/lib64/libdl-2.20.so
7f0e5d782000-7f0e5d783000 r--p 00002000 08:03 266803                     /usr/lib64/libdl-2.20.so
7f0e5d783000-7f0e5d784000 rw-p 00003000 08:03 266803                     /usr/lib64/libdl-2.20.so
7f0e5d784000-7f0e5d79a000 r-xp 00000000 08:03 536780                     /usr/java/jdk1.7.0_75/lib/amd64/jli/libjli.so
7f0e5d79a000-7f0e5d99a000 ---p 00016000 08:03 536780                     /usr/java/jdk1.7.0_75/lib/amd64/jli/libjli.so
7f0e5d99a000-7f0e5d99b000 rw-p 00016000 08:03 536780                     /usr/java/jdk1.7.0_75/lib/amd64/jli/libjli.so
7f0e5d99b000-7f0e5d9b2000 r-xp 00000000 08:03 266823                     /usr/lib64/libpthread-2.20.so
7f0e5d9b2000-7f0e5dbb1000 ---p 00017000 08:03 266823                     /usr/lib64/libpthread-2.20.so
7f0e5dbb1000-7f0e5dbb2000 r--p 00016000 08:03 266823                     /usr/lib64/libpthread-2.20.so
7f0e5dbb2000-7f0e5dbb3000 rw-p 00017000 08:03 266823                     /usr/lib64/libpthread-2.20.so
7f0e5dbb3000-7f0e5dbb7000 rw-p 00000000 00:00 0 
7f0e5dbb7000-7f0e5dbd8000 r-xp 00000000 08:03 266704                     /usr/lib64/ld-2.20.so
7f0e5dbe0000-7f0e5dbef000 r--s 000dd000 08:05 28182069                   /home/dayler.morais/Android/Sdk/build-tools/21.1.2/lib/dx.jar
7f0e5dbef000-7f0e5dbfb000 rw-p 00000000 00:00 0 
7f0e5dbfb000-7f0e5dcaf000 rw-p 00000000 00:00 0 
7f0e5dcaf000-7f0e5dcb2000 ---p 00000000 00:00 0 
7f0e5dcb2000-7f0e5ddb4000 rw-p 00000000 00:00 0                          [stack:8291]
7f0e5ddb6000-7f0e5ddcd000 rw-p 00000000 00:00 0 
7f0e5ddcd000-7f0e5ddd5000 rw-s 00000000 00:23 161747                     /tmp/hsperfdata_dayler.morais/8289
7f0e5ddd5000-7f0e5ddd6000 rw-p 00000000 00:00 0 
7f0e5ddd6000-7f0e5ddd7000 ---p 00000000 00:00 0 
7f0e5ddd7000-7f0e5ddd8000 rw-p 00000000 00:00 0 
7f0e5ddd8000-7f0e5ddd9000 r--p 00021000 08:03 266704                     /usr/lib64/ld-2.20.so
7f0e5ddd9000-7f0e5ddda000 rw-p 00022000 08:03 266704                     /usr/lib64/ld-2.20.so
7f0e5ddda000-7f0e5dddb000 rw-p 00000000 00:00 0 
7ffc7e129000-7ffc7e14b000 rw-p 00000000 00:00 0                          [stack]
7ffc7e178000-7ffc7e17a000 r--p 00000000 00:00 0                          [vvar]
7ffc7e17a000-7ffc7e17c000 r-xp 00000000 00:00 0                          [vdso]
ffffffffff600000-ffffffffff601000 r-xp 00000000 00:00 0                  [vsyscall]

VM Arguments:
jvm_args: -Xmx1024M -Dfile.encoding=UTF-8 -Duser.country=BR -Duser.language=pt -Duser.variant 
java_command: com.android.dx.command.Main --dex --output /home/dayler.morais/AndroidStudioProjects/MyNotes/app/build/intermediates/pre-dexed/debug/classes-ec770073670c23531cf72e2f955ed10890d7970b.jar /home/dayler.morais/AndroidStudioProjects/MyNotes/app/build/intermediates/exploded-aar/com.google.android.gms/play-services-analytics/7.0.0/classes.jar
Launcher Type: SUN_STANDARD

Environment Variables:
CLASSPATH=/opt/android-studio/bin/../lib/bootstrap.jar:/opt/android-studio/bin/../lib/extensions.jar:/opt/android-studio/bin/../lib/util.jar:/opt/android-studio/bin/../lib/jdom.jar:/opt/android-studio/bin/../lib/log4j.jar:/opt/android-studio/bin/../lib/trove4j.jar:/opt/android-studio/bin/../lib/jna.jar:/opt/jdk1.7.0_71/lib/tools.jar
PATH=/usr/lib64/qt-3.3/bin:/usr/local/bin:/usr/local/sbin:/usr/bin:/usr/sbin:/bin:/sbin:/home/dayler.morais/.local/bin:/home/dayler.morais/bin
USERNAME=dayler.morais
LD_LIBRARY_PATH=/opt/android-studio/bin:
SHELL=/bin/bash
DISPLAY=:0

Signal Handlers:
SIGSEGV: [libjvm.so+0x9a21f0], sa_mask[0]=0x7ffbfeff, sa_flags=0x10000004
SIGBUS: [libjvm.so+0x9a21f0], sa_mask[0]=0x7ffbfeff, sa_flags=0x10000004
SIGFPE: [libjvm.so+0x81ba40], sa_mask[0]=0x7ffbfeff, sa_flags=0x10000004
SIGPIPE: [libjvm.so+0x81ba40], sa_mask[0]=0x7ffbfeff, sa_flags=0x10000004
SIGXFSZ: [libjvm.so+0x81ba40], sa_mask[0]=0x7ffbfeff, sa_flags=0x10000004
SIGILL: [libjvm.so+0x81ba40], sa_mask[0]=0x7ffbfeff, sa_flags=0x10000004
SIGUSR1: SIG_DFL, sa_mask[0]=0x00000000, sa_flags=0x00000000
SIGUSR2: [libjvm.so+0x81d240], sa_mask[0]=0x00000004, sa_flags=0x10000004
SIGHUP: [libjvm.so+0x81e360], sa_mask[0]=0x7ffbfeff, sa_flags=0x10000004
SIGINT: [libjvm.so+0x81e360], sa_mask[0]=0x7ffbfeff, sa_flags=0x10000004
SIGTERM: [libjvm.so+0x81e360], sa_mask[0]=0x7ffbfeff, sa_flags=0x10000004
SIGQUIT: [libjvm.so+0x81e360], sa_mask[0]=0x7ffbfeff, sa_flags=0x10000004


---------------  S Y S T E M  ---------------

OS:Fedora release 21 (Twenty One)

uname:Linux 3.19.3-200.fc21.x86_64 #1 SMP Thu Mar 26 21:39:42 UTC 2015 x86_64
libc:glibc 2.20 NPTL 2.20 
rlimit: STACK 8192k, CORE 0k, NPROC 4096, NOFILE 4096, AS infinity
load average:6,43 3,42 1,92

/proc/meminfo:
MemTotal:        8048700 kB
MemFree:         3180200 kB
MemAvailable:    4465996 kB
Buffers:           86660 kB
Cached:          1701108 kB
SwapCached:            0 kB
Active:          3529372 kB
Inactive:        1074848 kB
Active(anon):    2818472 kB
Inactive(anon):   379232 kB
Active(file):     710900 kB
Inactive(file):   695616 kB
Unevictable:          88 kB
Mlocked:              88 kB
SwapTotal:       8142844 kB
SwapFree:        8142844 kB
Dirty:              1016 kB
Writeback:             0 kB
AnonPages:       2816624 kB
Mapped:           448492 kB
Shmem:            381260 kB
Slab:             144924 kB
SReclaimable:      96448 kB
SUnreclaim:        48476 kB
KernelStack:       10928 kB
PageTables:        42016 kB
NFS_Unstable:          0 kB
Bounce:                0 kB
WritebackTmp:          0 kB
CommitLimit:    12167192 kB
Committed_AS:    7492776 kB
VmallocTotal:   34359738367 kB
VmallocUsed:      377216 kB
VmallocChunk:   34359293744 kB
HardwareCorrupted:     0 kB
AnonHugePages:         0 kB
HugePages_Total:       0
HugePages_Free:        0
HugePages_Rsvd:        0
HugePages_Surp:        0
Hugepagesize:       2048 kB
DirectMap4k:      150864 kB
DirectMap2M:     8110080 kB


CPU:total 4 (4 cores per cpu, 1 threads per core) family 6 model 58 stepping 9, cmov, cx8, fxsr, mmx, sse, sse2, sse3, ssse3, sse4.1, sse4.2, popcnt, avx, aes, erms, tsc, tscinvbit, tscinv

/proc/cpuinfo:
processor	: 0
vendor_id	: GenuineIntel
cpu family	: 6
model		: 58
model name	: Intel(R) Core(TM) i5-3570 CPU @ 3.40GHz
stepping	: 9
microcode	: 0x1b
cpu MHz		: 3599.882
cache size	: 6144 KB
physical id	: 0
siblings	: 4
core id		: 0
cpu cores	: 4
apicid		: 0
initial apicid	: 0
fpu		: yes
fpu_exception	: yes
cpuid level	: 13
wp		: yes
flags		: fpu vme de pse tsc msr pae mce cx8 apic sep mtrr pge mca cmov pat pse36 clflush dts acpi mmx fxsr sse sse2 ss ht tm pbe syscall nx rdtscp lm constant_tsc arch_perfmon pebs bts rep_good nopl xtopology nonstop_tsc aperfmperf eagerfpu pni pclmulqdq dtes64 monitor ds_cpl vmx smx est tm2 ssse3 cx16 xtpr pdcm pcid sse4_1 sse4_2 x2apic popcnt tsc_deadline_timer aes xsave avx f16c rdrand lahf_lm ida arat epb pln pts dtherm tpr_shadow vnmi flexpriority ept vpid fsgsbase smep erms xsaveopt
bugs		:
bogomips	: 6784.59
clflush size	: 64
cache_alignment	: 64
address sizes	: 36 bits physical, 48 bits virtual
power management:

processor	: 1
vendor_id	: GenuineIntel
cpu family	: 6
model		: 58
model name	: Intel(R) Core(TM) i5-3570 CPU @ 3.40GHz
stepping	: 9
microcode	: 0x1b
cpu MHz		: 3599.882
cache size	: 6144 KB
physical id	: 0
siblings	: 4
core id		: 1
cpu cores	: 4
apicid		: 2
initial apicid	: 2
fpu		: yes
fpu_exception	: yes
cpuid level	: 13
wp		: yes
flags		: fpu vme de pse tsc msr pae mce cx8 apic sep mtrr pge mca cmov pat pse36 clflush dts acpi mmx fxsr sse sse2 ss ht tm pbe syscall nx rdtscp lm constant_tsc arch_perfmon pebs bts rep_good nopl xtopology nonstop_tsc aperfmperf eagerfpu pni pclmulqdq dtes64 monitor ds_cpl vmx smx est tm2 ssse3 cx16 xtpr pdcm pcid sse4_1 sse4_2 x2apic popcnt tsc_deadline_timer aes xsave avx f16c rdrand lahf_lm ida arat epb pln pts dtherm tpr_shadow vnmi flexpriority ept vpid fsgsbase smep erms xsaveopt
bugs		:
bogomips	: 6784.59
clflush size	: 64
cache_alignment	: 64
address sizes	: 36 bits physical, 48 bits virtual
power management:

processor	: 2
vendor_id	: GenuineIntel
cpu family	: 6
model		: 58
model name	: Intel(R) Core(TM) i5-3570 CPU @ 3.40GHz
stepping	: 9
microcode	: 0x1b
cpu MHz		: 3599.882
cache size	: 6144 KB
physical id	: 0
siblings	: 4
core id		: 2
cpu cores	: 4
apicid		: 4
initial apicid	: 4
fpu		: yes
fpu_exception	: yes
cpuid level	: 13
wp		: yes
flags		: fpu vme de pse tsc msr pae mce cx8 apic sep mtrr pge mca cmov pat pse36 clflush dts acpi mmx fxsr sse sse2 ss ht tm pbe syscall nx rdtscp lm constant_tsc arch_perfmon pebs bts rep_good nopl xtopology nonstop_tsc aperfmperf eagerfpu pni pclmulqdq dtes64 monitor ds_cpl vmx smx est tm2 ssse3 cx16 xtpr pdcm pcid sse4_1 sse4_2 x2apic popcnt tsc_deadline_timer aes xsave avx f16c rdrand lahf_lm ida arat epb pln pts dtherm tpr_shadow vnmi flexpriority ept vpid fsgsbase smep erms xsaveopt
bugs		:
bogomips	: 6784.59
clflush size	: 64
cache_alignment	: 64
address sizes	: 36 bits physical, 48 bits virtual
power management:

processor	: 3
vendor_id	: GenuineIntel
cpu family	: 6
model		: 58
model name	: Intel(R) Core(TM) i5-3570 CPU @ 3.40GHz
stepping	: 9
microcode	: 0x1b
cpu MHz		: 3599.882
cache size	: 6144 KB
physical id	: 0
siblings	: 4
core id		: 3
cpu cores	: 4
apicid		: 6
initial apicid	: 6
fpu		: yes
fpu_exception	: yes
cpuid level	: 13
wp		: yes
flags		: fpu vme de pse tsc msr pae mce cx8 apic sep mtrr pge mca cmov pat pse36 clflush dts acpi mmx fxsr sse sse2 ss ht tm pbe syscall nx rdtscp lm constant_tsc arch_perfmon pebs bts rep_good nopl xtopology nonstop_tsc aperfmperf eagerfpu pni pclmulqdq dtes64 monitor ds_cpl vmx smx est tm2 ssse3 cx16 xtpr pdcm pcid sse4_1 sse4_2 x2apic popcnt tsc_deadline_timer aes xsave avx f16c rdrand lahf_lm ida arat epb pln pts dtherm tpr_shadow vnmi flexpriority ept vpid fsgsbase smep erms xsaveopt
bugs		:
bogomips	: 6784.59
clflush size	: 64
cache_alignment	: 64
address sizes	: 36 bits physical, 48 bits virtual
power management:



Memory: 4k page, physical 8048700k(3180200k free), swap 8142844k(8142844k free)

vm_info: Java HotSpot(TM) 64-Bit Server VM (24.75-b04) for linux-amd64 JRE (1.7.0_75-b13), built on Dec 18 2014 16:45:18 by "java_re" with gcc 4.3.0 20080428 (Red Hat 4.3.0-8)

time: Wed Apr  8 16:02:33 2015
elapsed time: 21 seconds

